2025/06/25 04:23:20 Application starting...
2025/06/25 04:23:20 Task Manager initialized.
2025/06/25 04:23:20 [WebView2] Environment created successfully
2025/06/25 04:23:20 BeanCKUP App started successfully.
2025/06/25 04:23:23 Frontend called: SelectDirectory
2025/06/25 04:23:26 Frontend called: ScanWorkspace with path: D:\5454
2025/06/25 04:23:26 Indexer: Starting to scan workspace: D:\5454
2025/06/25 04:23:26 Indexer: Found 398 total files to process.
2025/06/25 04:23:26 Scan progress: 100/398
2025/06/25 04:23:26 Scan progress: 200/398
2025/06/25 04:23:26 Scan progress: 300/398
2025/06/25 04:23:26 Scan progress: 398/398
2025/06/25 04:23:26 Indexer: Finished scanning. Processed 398 files.
2025/06/25 04:23:26 ScanWorkspace finished.
2025/06/25 04:23:29 Frontend called: SelectDirectory
2025/06/25 04:23:32 Frontend called: StartBackupPreparation with workspace: D:\5454
2025/06/25 04:23:32 Task Manager: Starting backup preparation for D:\5454
2025/06/25 04:23:32 Indexer: Starting to scan workspace: D:\5454
2025/06/25 04:23:32 Indexer: Found 398 total files to process.
2025/06/25 04:23:32 Indexer: Finished scanning. Processed 398 files.
2025/06/25 04:23:32 ManifestManager: Attempting to load manifest from D:\5454\.beanckup\manifest.json
2025/06/25 04:23:32 ManifestManager: Manifest file not found. Creating a new empty manifest.
2025/06/25 04:23:32 Task Manager: Found 398 changed files.
2025/06/25 04:23:32 Task Manager: Estimated 1 episodes. Changes: 398 new, 0 modified, 0 deleted. Total size: 766461293 bytes.
2025/06/25 04:23:32 Task Manager: Built file tree with 398 root nodes.
2025/06/25 04:23:32 Task Manager: Backup preparation finished successfully.
2025/06/25 04:23:41 Frontend called: SelectDirectory
2025/06/25 04:24:01 Frontend called: CopyToClipboard
2025/06/25 04:24:10 Frontend called: StartBackupExecution with workspace: D:\5454, deliveryPath: D:\
2025/06/25 04:24:11 Frontend called: StartBackupExecution with workspace: D:\5454, deliveryPath: D:\
2025/06/25 04:24:11 Frontend called: StartBackupExecution with workspace: D:\5454, deliveryPath: D:\
2025/06/25 04:24:11 Frontend called: StartBackupExecution with workspace: D:\5454, deliveryPath: D:\
2025/06/25 04:24:11 Frontend called: StartBackupExecution with workspace: D:\5454, deliveryPath: D:\
2025/06/25 04:24:11 Frontend called: StartBackupExecution with workspace: D:\5454, deliveryPath: D:\
